-------------------------------------------------------------------------------
Test set: steps.RunFeaturesTest
-------------------------------------------------------------------------------
Tests run: 8, Failures: 0, Errors: 4, Skipped: 0, Time elapsed: 80.377 sec <<< FAILURE!
Then click on the "https://en.wikipedia.org/wiki/Cucumber"(| cucumber | https://en.wikipedia.org/wiki/Cucumber |)  Time elapsed: 0.017 sec  <<< ERROR!
org.openqa.selenium.InvalidSelectorException: The given selector .//a[@href=''https://en.wikipedia.org/wiki/Cucumber] is either invalid or does not result in a WebElement. The following error occurred:
InvalidSelectorError: Unable to locate an element with the xpath expression .//a[@href=''https://en.wikipedia.org/wiki/Cucumber] because of the following error:
[Exception... "The expression is not a legal expression."  code: "12" nsresult: "0x805b0033 (SyntaxError)"  location: "<unknown>"]
Command duration or timeout: 19 milliseconds
For documentation on this error, please visit: http://seleniumhq.org/exceptions/invalid_selector_exception.html
Build info: version: '2.41.0', revision: '3192d8a6c4449dc285928ba024779344f5423c58', time: '2014-03-27 11:29:39'
System info: host: 'IGTSGGN1ITS2076', ip: '172.32.19.26', os.name: 'Windows 7', os.arch: 'amd64', os.version: '6.1', java.version: '1.8.0_92'
Driver info: org.openqa.selenium.firefox.FirefoxDriver
Capabilities [{applicationCacheEnabled=true, rotatable=false, handlesAlerts=true, databaseEnabled=true, version=29.0, platform=XP, browserConnectionEnabled=true, nativeEvents=false, acceptSslCerts=true, webStorageEnabled=true, locationContextEnabled=true, browserName=firefox, takesScreenshot=true, javascriptEnabled=true, cssSelectorsEnabled=true}]
Session ID: d6d6de28-cc6b-401d-ad97-11c1bbc8fcc7
	at sun.reflect.NativeConstructorAccessorImpl.newInstance0(Native Method)
	at sun.reflect.NativeConstructorAccessorImpl.newInstance(NativeConstructorAccessorImpl.java:62)
	at sun.reflect.DelegatingConstructorAccessorImpl.newInstance(DelegatingConstructorAccessorImpl.java:45)
	at java.lang.reflect.Constructor.newInstance(Constructor.java:423)
	at org.openqa.selenium.remote.ErrorHandler.createThrowable(ErrorHandler.java:193)
	at org.openqa.selenium.remote.ErrorHandler.throwIfResponseFailed(ErrorHandler.java:145)
	at org.openqa.selenium.remote.RemoteWebDriver.execute(RemoteWebDriver.java:595)
	at org.openqa.selenium.remote.RemoteWebDriver.findElement(RemoteWebDriver.java:348)
	at org.openqa.selenium.remote.RemoteWebDriver.findElementByXPath(RemoteWebDriver.java:445)
	at org.openqa.selenium.By$ByXPath.findElement(By.java:357)
	at org.openqa.selenium.remote.RemoteWebDriver.findElement(RemoteWebDriver.java:340)
	at steps.DemoforCucumebr.clickOnThe(DemoforCucumebr.java:40)
	at ?.Then click on the "https://en.wikipedia.org/wiki/Cucumber"(cucumberDemo.feature:7)
Caused by: org.openqa.selenium.remote.ErrorHandler$UnknownServerException: The given selector .//a[@href=''https://en.wikipedia.org/wiki/Cucumber] is either invalid or does not result in a WebElement. The following error occurred:
InvalidSelectorError: Unable to locate an element with the xpath expression .//a[@href=''https://en.wikipedia.org/wiki/Cucumber] because of the following error:
[Exception... "The expression is not a legal expression."  code: "12" nsresult: "0x805b0033 (SyntaxError)"  location: "<unknown>"]
Build info: version: '2.41.0', revision: '3192d8a6c4449dc285928ba024779344f5423c58', time: '2014-03-27 11:29:39'
System info: host: 'IGTSGGN1ITS2076', ip: '172.32.19.26', os.name: 'Windows 7', os.arch: 'amd64', os.version: '6.1', java.version: '1.8.0_92'
Driver info: driver.version: unknown
	at <anonymous class>.FirefoxDriver.annotateInvalidSelectorError_(file:///C:/Users/NAVEEN~1.SIN/AppData/Local/Temp/anonymous8638695762448091323webdriver-profile/extensions/fxdriver@googlecode.com/components/driver_component.js:8879)
	at <anonymous class>.FirefoxDriver.prototype.findElementInternal_(file:///C:/Users/NAVEEN~1.SIN/AppData/Local/Temp/anonymous8638695762448091323webdriver-profile/extensions/fxdriver@googlecode.com/components/driver_component.js:8910)
	at <anonymous class>.FirefoxDriver.prototype.findElement(file:///C:/Users/NAVEEN~1.SIN/AppData/Local/Temp/anonymous8638695762448091323webdriver-profile/extensions/fxdriver@googlecode.com/components/driver_component.js:8914)
	at <anonymous class>.DelayedCommand.prototype.executeInternal_/h(file:///C:/Users/NAVEEN~1.SIN/AppData/Local/Temp/anonymous8638695762448091323webdriver-profile/extensions/fxdriver@googlecode.com/components/command_processor.js:10884)
	at <anonymous class>.DelayedCommand.prototype.executeInternal_(file:///C:/Users/NAVEEN~1.SIN/AppData/Local/Temp/anonymous8638695762448091323webdriver-profile/extensions/fxdriver@googlecode.com/components/command_processor.js:10889)
	at <anonymous class>.DelayedCommand.prototype.execute/<(file:///C:/Users/NAVEEN~1.SIN/AppData/Local/Temp/anonymous8638695762448091323webdriver-profile/extensions/fxdriver@googlecode.com/components/command_processor.js:10831)

| cucumber | https://en.wikipedia.org/wiki/Cucumber |  Time elapsed: 0.018 sec  <<< ERROR!
org.openqa.selenium.InvalidSelectorException: The given selector .//a[@href=''https://en.wikipedia.org/wiki/Cucumber] is either invalid or does not result in a WebElement. The following error occurred:
InvalidSelectorError: Unable to locate an element with the xpath expression .//a[@href=''https://en.wikipedia.org/wiki/Cucumber] because of the following error:
[Exception... "The expression is not a legal expression."  code: "12" nsresult: "0x805b0033 (SyntaxError)"  location: "<unknown>"]
Command duration or timeout: 19 milliseconds
For documentation on this error, please visit: http://seleniumhq.org/exceptions/invalid_selector_exception.html
Build info: version: '2.41.0', revision: '3192d8a6c4449dc285928ba024779344f5423c58', time: '2014-03-27 11:29:39'
System info: host: 'IGTSGGN1ITS2076', ip: '172.32.19.26', os.name: 'Windows 7', os.arch: 'amd64', os.version: '6.1', java.version: '1.8.0_92'
Driver info: org.openqa.selenium.firefox.FirefoxDriver
Capabilities [{applicationCacheEnabled=true, rotatable=false, handlesAlerts=true, databaseEnabled=true, version=29.0, platform=XP, browserConnectionEnabled=true, nativeEvents=false, acceptSslCerts=true, webStorageEnabled=true, locationContextEnabled=true, browserName=firefox, takesScreenshot=true, javascriptEnabled=true, cssSelectorsEnabled=true}]
Session ID: d6d6de28-cc6b-401d-ad97-11c1bbc8fcc7
	at sun.reflect.NativeConstructorAccessorImpl.newInstance0(Native Method)
	at sun.reflect.NativeConstructorAccessorImpl.newInstance(NativeConstructorAccessorImpl.java:62)
	at sun.reflect.DelegatingConstructorAccessorImpl.newInstance(DelegatingConstructorAccessorImpl.java:45)
	at java.lang.reflect.Constructor.newInstance(Constructor.java:423)
	at org.openqa.selenium.remote.ErrorHandler.createThrowable(ErrorHandler.java:193)
	at org.openqa.selenium.remote.ErrorHandler.throwIfResponseFailed(ErrorHandler.java:145)
	at org.openqa.selenium.remote.RemoteWebDriver.execute(RemoteWebDriver.java:595)
	at org.openqa.selenium.remote.RemoteWebDriver.findElement(RemoteWebDriver.java:348)
	at org.openqa.selenium.remote.RemoteWebDriver.findElementByXPath(RemoteWebDriver.java:445)
	at org.openqa.selenium.By$ByXPath.findElement(By.java:357)
	at org.openqa.selenium.remote.RemoteWebDriver.findElement(RemoteWebDriver.java:340)
	at steps.DemoforCucumebr.clickOnThe(DemoforCucumebr.java:40)
	at ?.Then click on the "https://en.wikipedia.org/wiki/Cucumber"(cucumberDemo.feature:7)
Caused by: org.openqa.selenium.remote.ErrorHandler$UnknownServerException: The given selector .//a[@href=''https://en.wikipedia.org/wiki/Cucumber] is either invalid or does not result in a WebElement. The following error occurred:
InvalidSelectorError: Unable to locate an element with the xpath expression .//a[@href=''https://en.wikipedia.org/wiki/Cucumber] because of the following error:
[Exception... "The expression is not a legal expression."  code: "12" nsresult: "0x805b0033 (SyntaxError)"  location: "<unknown>"]
Build info: version: '2.41.0', revision: '3192d8a6c4449dc285928ba024779344f5423c58', time: '2014-03-27 11:29:39'
System info: host: 'IGTSGGN1ITS2076', ip: '172.32.19.26', os.name: 'Windows 7', os.arch: 'amd64', os.version: '6.1', java.version: '1.8.0_92'
Driver info: driver.version: unknown
	at <anonymous class>.FirefoxDriver.annotateInvalidSelectorError_(file:///C:/Users/NAVEEN~1.SIN/AppData/Local/Temp/anonymous8638695762448091323webdriver-profile/extensions/fxdriver@googlecode.com/components/driver_component.js:8879)
	at <anonymous class>.FirefoxDriver.prototype.findElementInternal_(file:///C:/Users/NAVEEN~1.SIN/AppData/Local/Temp/anonymous8638695762448091323webdriver-profile/extensions/fxdriver@googlecode.com/components/driver_component.js:8910)
	at <anonymous class>.FirefoxDriver.prototype.findElement(file:///C:/Users/NAVEEN~1.SIN/AppData/Local/Temp/anonymous8638695762448091323webdriver-profile/extensions/fxdriver@googlecode.com/components/driver_component.js:8914)
	at <anonymous class>.DelayedCommand.prototype.executeInternal_/h(file:///C:/Users/NAVEEN~1.SIN/AppData/Local/Temp/anonymous8638695762448091323webdriver-profile/extensions/fxdriver@googlecode.com/components/command_processor.js:10884)
	at <anonymous class>.DelayedCommand.prototype.executeInternal_(file:///C:/Users/NAVEEN~1.SIN/AppData/Local/Temp/anonymous8638695762448091323webdriver-profile/extensions/fxdriver@googlecode.com/components/command_processor.js:10889)
	at <anonymous class>.DelayedCommand.prototype.execute/<(file:///C:/Users/NAVEEN~1.SIN/AppData/Local/Temp/anonymous8638695762448091323webdriver-profile/extensions/fxdriver@googlecode.com/components/command_processor.js:10831)

Then click on the "https://www.google.co.in/url?sa=t&rct=j&q=&esrc=s&source=web&cd=4&cad=rja&uact=8&ved=0ahUKEwix_Ymr8PfXAhWBeCYKHT0wAaQQFghBMAM&url=https%3A%2F%2Fen.wikipedia.org%2Fwiki%2FSelenium_(software)&usg=AOvVaw1yXYA0TfNZVvBYIIiTpKL3"(| selenium | https://www.google.co.in/url?sa=t&rct=j&q=&esrc=s&source=web&cd=4&cad=rja&uact=8&ved=0ahUKEwix_Ymr8PfXAhWBeCYKHT0wAaQQFghBMAM&url=https%3A%2F%2Fen.wikipedia.org%2Fwiki%2FSelenium_(software)&usg=AOvVaw1yXYA0TfNZVvBYIIiTpKL3 |)  Time elapsed: 0.001 sec  <<< ERROR!
org.openqa.selenium.InvalidSelectorException: The given selector .//a[@href=''https://www.google.co.in/url?sa=t&rct=j&q=&esrc=s&source=web&cd=4&cad=rja&uact=8&ved=0ahUKEwix_Ymr8PfXAhWBeCYKHT0wAaQQFghBMAM&url=https%3A%2F%2Fen.wikipedia.org%2Fwiki%2FSelenium_(software)&usg=AOvVaw1yXYA0TfNZVvBYIIiTpKL3] is either invalid or does not result in a WebElement. The following error occurred:
InvalidSelectorError: Unable to locate an element with the xpath expression .//a[@href=''https://www.google.co.in/url?sa=t&rct=j&q=&esrc=s&source=web&cd=4&cad=rja&uact=8&ved=0ahUKEwix_Ymr8PfXAhWBeCYKHT0wAaQQFghBMAM&url=https%3A%2F%2Fen.wikipedia.org%2Fwiki%2FSelenium_(software)&usg=AOvVaw1yXYA0TfNZVvBYIIiTpKL3] because of the following error:
[Exception... "The expression is not a legal expression."  code: "12" nsresult: "0x805b0033 (SyntaxError)"  location: "<unknown>"]
Command duration or timeout: 618 milliseconds
For documentation on this error, please visit: http://seleniumhq.org/exceptions/invalid_selector_exception.html
Build info: version: '2.41.0', revision: '3192d8a6c4449dc285928ba024779344f5423c58', time: '2014-03-27 11:29:39'
System info: host: 'IGTSGGN1ITS2076', ip: '172.32.19.26', os.name: 'Windows 7', os.arch: 'amd64', os.version: '6.1', java.version: '1.8.0_92'
Driver info: org.openqa.selenium.firefox.FirefoxDriver
Capabilities [{applicationCacheEnabled=true, rotatable=false, handlesAlerts=true, databaseEnabled=true, version=29.0, platform=XP, browserConnectionEnabled=true, nativeEvents=false, acceptSslCerts=true, webStorageEnabled=true, locationContextEnabled=true, browserName=firefox, takesScreenshot=true, javascriptEnabled=true, cssSelectorsEnabled=true}]
Session ID: d6d6de28-cc6b-401d-ad97-11c1bbc8fcc7
	at sun.reflect.NativeConstructorAccessorImpl.newInstance0(Native Method)
	at sun.reflect.NativeConstructorAccessorImpl.newInstance(NativeConstructorAccessorImpl.java:62)
	at sun.reflect.DelegatingConstructorAccessorImpl.newInstance(DelegatingConstructorAccessorImpl.java:45)
	at java.lang.reflect.Constructor.newInstance(Constructor.java:423)
	at org.openqa.selenium.remote.ErrorHandler.createThrowable(ErrorHandler.java:193)
	at org.openqa.selenium.remote.ErrorHandler.throwIfResponseFailed(ErrorHandler.java:145)
	at org.openqa.selenium.remote.RemoteWebDriver.execute(RemoteWebDriver.java:595)
	at org.openqa.selenium.remote.RemoteWebDriver.findElement(RemoteWebDriver.java:348)
	at org.openqa.selenium.remote.RemoteWebDriver.findElementByXPath(RemoteWebDriver.java:445)
	at org.openqa.selenium.By$ByXPath.findElement(By.java:357)
	at org.openqa.selenium.remote.RemoteWebDriver.findElement(RemoteWebDriver.java:340)
	at steps.DemoforCucumebr.clickOnThe(DemoforCucumebr.java:40)
	at ?.Then click on the "https://www.google.co.in/url?sa=t&rct=j&q=&esrc=s&source=web&cd=4&cad=rja&uact=8&ved=0ahUKEwix_Ymr8PfXAhWBeCYKHT0wAaQQFghBMAM&url=https%3A%2F%2Fen.wikipedia.org%2Fwiki%2FSelenium_(software)&usg=AOvVaw1yXYA0TfNZVvBYIIiTpKL3"(cucumberDemo.feature:7)
Caused by: org.openqa.selenium.remote.ErrorHandler$UnknownServerException: The given selector .//a[@href=''https://www.google.co.in/url?sa=t&rct=j&q=&esrc=s&source=web&cd=4&cad=rja&uact=8&ved=0ahUKEwix_Ymr8PfXAhWBeCYKHT0wAaQQFghBMAM&url=https%3A%2F%2Fen.wikipedia.org%2Fwiki%2FSelenium_(software)&usg=AOvVaw1yXYA0TfNZVvBYIIiTpKL3] is either invalid or does not result in a WebElement. The following error occurred:
InvalidSelectorError: Unable to locate an element with the xpath expression .//a[@href=''https://www.google.co.in/url?sa=t&rct=j&q=&esrc=s&source=web&cd=4&cad=rja&uact=8&ved=0ahUKEwix_Ymr8PfXAhWBeCYKHT0wAaQQFghBMAM&url=https%3A%2F%2Fen.wikipedia.org%2Fwiki%2FSelenium_(software)&usg=AOvVaw1yXYA0TfNZVvBYIIiTpKL3] because of the following error:
[Exception... "The expression is not a legal expression."  code: "12" nsresult: "0x805b0033 (SyntaxError)"  location: "<unknown>"]
Build info: version: '2.41.0', revision: '3192d8a6c4449dc285928ba024779344f5423c58', time: '2014-03-27 11:29:39'
System info: host: 'IGTSGGN1ITS2076', ip: '172.32.19.26', os.name: 'Windows 7', os.arch: 'amd64', os.version: '6.1', java.version: '1.8.0_92'
Driver info: driver.version: unknown
	at <anonymous class>.FirefoxDriver.annotateInvalidSelectorError_(file:///C:/Users/NAVEEN~1.SIN/AppData/Local/Temp/anonymous8638695762448091323webdriver-profile/extensions/fxdriver@googlecode.com/components/driver_component.js:8879)
	at <anonymous class>.FirefoxDriver.prototype.findElementInternal_(file:///C:/Users/NAVEEN~1.SIN/AppData/Local/Temp/anonymous8638695762448091323webdriver-profile/extensions/fxdriver@googlecode.com/components/driver_component.js:8910)
	at <anonymous class>.FirefoxDriver.prototype.findElement(file:///C:/Users/NAVEEN~1.SIN/AppData/Local/Temp/anonymous8638695762448091323webdriver-profile/extensions/fxdriver@googlecode.com/components/driver_component.js:8914)
	at <anonymous class>.DelayedCommand.prototype.executeInternal_/h(file:///C:/Users/NAVEEN~1.SIN/AppData/Local/Temp/anonymous8638695762448091323webdriver-profile/extensions/fxdriver@googlecode.com/components/command_processor.js:10884)
	at <anonymous class>.DelayedCommand.prototype.executeInternal_(file:///C:/Users/NAVEEN~1.SIN/AppData/Local/Temp/anonymous8638695762448091323webdriver-profile/extensions/fxdriver@googlecode.com/components/command_processor.js:10889)
	at <anonymous class>.DelayedCommand.prototype.execute/<(file:///C:/Users/NAVEEN~1.SIN/AppData/Local/Temp/anonymous8638695762448091323webdriver-profile/extensions/fxdriver@googlecode.com/components/command_processor.js:10831)

| selenium | https://www.google.co.in/url?sa=t&rct=j&q=&esrc=s&source=web&cd=4&cad=rja&uact=8&ved=0ahUKEwix_Ymr8PfXAhWBeCYKHT0wAaQQFghBMAM&url=https%3A%2F%2Fen.wikipedia.org%2Fwiki%2FSelenium_(software)&usg=AOvVaw1yXYA0TfNZVvBYIIiTpKL3 |  Time elapsed: 0.002 sec  <<< ERROR!
org.openqa.selenium.InvalidSelectorException: The given selector .//a[@href=''https://www.google.co.in/url?sa=t&rct=j&q=&esrc=s&source=web&cd=4&cad=rja&uact=8&ved=0ahUKEwix_Ymr8PfXAhWBeCYKHT0wAaQQFghBMAM&url=https%3A%2F%2Fen.wikipedia.org%2Fwiki%2FSelenium_(software)&usg=AOvVaw1yXYA0TfNZVvBYIIiTpKL3] is either invalid or does not result in a WebElement. The following error occurred:
InvalidSelectorError: Unable to locate an element with the xpath expression .//a[@href=''https://www.google.co.in/url?sa=t&rct=j&q=&esrc=s&source=web&cd=4&cad=rja&uact=8&ved=0ahUKEwix_Ymr8PfXAhWBeCYKHT0wAaQQFghBMAM&url=https%3A%2F%2Fen.wikipedia.org%2Fwiki%2FSelenium_(software)&usg=AOvVaw1yXYA0TfNZVvBYIIiTpKL3] because of the following error:
[Exception... "The expression is not a legal expression."  code: "12" nsresult: "0x805b0033 (SyntaxError)"  location: "<unknown>"]
Command duration or timeout: 618 milliseconds
For documentation on this error, please visit: http://seleniumhq.org/exceptions/invalid_selector_exception.html
Build info: version: '2.41.0', revision: '3192d8a6c4449dc285928ba024779344f5423c58', time: '2014-03-27 11:29:39'
System info: host: 'IGTSGGN1ITS2076', ip: '172.32.19.26', os.name: 'Windows 7', os.arch: 'amd64', os.version: '6.1', java.version: '1.8.0_92'
Driver info: org.openqa.selenium.firefox.FirefoxDriver
Capabilities [{applicationCacheEnabled=true, rotatable=false, handlesAlerts=true, databaseEnabled=true, version=29.0, platform=XP, browserConnectionEnabled=true, nativeEvents=false, acceptSslCerts=true, webStorageEnabled=true, locationContextEnabled=true, browserName=firefox, takesScreenshot=true, javascriptEnabled=true, cssSelectorsEnabled=true}]
Session ID: d6d6de28-cc6b-401d-ad97-11c1bbc8fcc7
	at sun.reflect.NativeConstructorAccessorImpl.newInstance0(Native Method)
	at sun.reflect.NativeConstructorAccessorImpl.newInstance(NativeConstructorAccessorImpl.java:62)
	at sun.reflect.DelegatingConstructorAccessorImpl.newInstance(DelegatingConstructorAccessorImpl.java:45)
	at java.lang.reflect.Constructor.newInstance(Constructor.java:423)
	at org.openqa.selenium.remote.ErrorHandler.createThrowable(ErrorHandler.java:193)
	at org.openqa.selenium.remote.ErrorHandler.throwIfResponseFailed(ErrorHandler.java:145)
	at org.openqa.selenium.remote.RemoteWebDriver.execute(RemoteWebDriver.java:595)
	at org.openqa.selenium.remote.RemoteWebDriver.findElement(RemoteWebDriver.java:348)
	at org.openqa.selenium.remote.RemoteWebDriver.findElementByXPath(RemoteWebDriver.java:445)
	at org.openqa.selenium.By$ByXPath.findElement(By.java:357)
	at org.openqa.selenium.remote.RemoteWebDriver.findElement(RemoteWebDriver.java:340)
	at steps.DemoforCucumebr.clickOnThe(DemoforCucumebr.java:40)
	at ?.Then click on the "https://www.google.co.in/url?sa=t&rct=j&q=&esrc=s&source=web&cd=4&cad=rja&uact=8&ved=0ahUKEwix_Ymr8PfXAhWBeCYKHT0wAaQQFghBMAM&url=https%3A%2F%2Fen.wikipedia.org%2Fwiki%2FSelenium_(software)&usg=AOvVaw1yXYA0TfNZVvBYIIiTpKL3"(cucumberDemo.feature:7)
Caused by: org.openqa.selenium.remote.ErrorHandler$UnknownServerException: The given selector .//a[@href=''https://www.google.co.in/url?sa=t&rct=j&q=&esrc=s&source=web&cd=4&cad=rja&uact=8&ved=0ahUKEwix_Ymr8PfXAhWBeCYKHT0wAaQQFghBMAM&url=https%3A%2F%2Fen.wikipedia.org%2Fwiki%2FSelenium_(software)&usg=AOvVaw1yXYA0TfNZVvBYIIiTpKL3] is either invalid or does not result in a WebElement. The following error occurred:
InvalidSelectorError: Unable to locate an element with the xpath expression .//a[@href=''https://www.google.co.in/url?sa=t&rct=j&q=&esrc=s&source=web&cd=4&cad=rja&uact=8&ved=0ahUKEwix_Ymr8PfXAhWBeCYKHT0wAaQQFghBMAM&url=https%3A%2F%2Fen.wikipedia.org%2Fwiki%2FSelenium_(software)&usg=AOvVaw1yXYA0TfNZVvBYIIiTpKL3] because of the following error:
[Exception... "The expression is not a legal expression."  code: "12" nsresult: "0x805b0033 (SyntaxError)"  location: "<unknown>"]
Build info: version: '2.41.0', revision: '3192d8a6c4449dc285928ba024779344f5423c58', time: '2014-03-27 11:29:39'
System info: host: 'IGTSGGN1ITS2076', ip: '172.32.19.26', os.name: 'Windows 7', os.arch: 'amd64', os.version: '6.1', java.version: '1.8.0_92'
Driver info: driver.version: unknown
	at <anonymous class>.FirefoxDriver.annotateInvalidSelectorError_(file:///C:/Users/NAVEEN~1.SIN/AppData/Local/Temp/anonymous8638695762448091323webdriver-profile/extensions/fxdriver@googlecode.com/components/driver_component.js:8879)
	at <anonymous class>.FirefoxDriver.prototype.findElementInternal_(file:///C:/Users/NAVEEN~1.SIN/AppData/Local/Temp/anonymous8638695762448091323webdriver-profile/extensions/fxdriver@googlecode.com/components/driver_component.js:8910)
	at <anonymous class>.FirefoxDriver.prototype.findElement(file:///C:/Users/NAVEEN~1.SIN/AppData/Local/Temp/anonymous8638695762448091323webdriver-profile/extensions/fxdriver@googlecode.com/components/driver_component.js:8914)
	at <anonymous class>.DelayedCommand.prototype.executeInternal_/h(file:///C:/Users/NAVEEN~1.SIN/AppData/Local/Temp/anonymous8638695762448091323webdriver-profile/extensions/fxdriver@googlecode.com/components/command_processor.js:10884)
	at <anonymous class>.DelayedCommand.prototype.executeInternal_(file:///C:/Users/NAVEEN~1.SIN/AppData/Local/Temp/anonymous8638695762448091323webdriver-profile/extensions/fxdriver@googlecode.com/components/command_processor.js:10889)
	at <anonymous class>.DelayedCommand.prototype.execute/<(file:///C:/Users/NAVEEN~1.SIN/AppData/Local/Temp/anonymous8638695762448091323webdriver-profile/extensions/fxdriver@googlecode.com/components/command_processor.js:10831)

