<?xml version="1.0" encoding="UTF-8" ?>
<testsuite tests="8" failures="0" name="steps.RunFeaturesTest" time="0.052" errors="4" skipped="0">
  <properties>
    <property name="java.runtime.name" value="Java(TM) SE Runtime Environment"/>
    <property name="cucumber.options" value="--tags @DEMO"/>
    <property name="sun.boot.library.path" value="C:\Program Files\Java\jdk1.8.0_92\jre\bin"/>
    <property name="java.vm.version" value="25.92-b14"/>
    <property name="java.vm.vendor" value="Oracle Corporation"/>
    <property name="maven.multiModuleProjectDirectory" value="D:\CucumberSelenium"/>
    <property name="java.vendor.url" value="http://java.oracle.com/"/>
    <property name="path.separator" value=";"/>
    <property name="guice.disable.misplaced.annotation.check" value="true"/>
    <property name="java.vm.name" value="Java HotSpot(TM) 64-Bit Server VM"/>
    <property name="file.encoding.pkg" value="sun.io"/>
    <property name="user.script" value=""/>
    <property name="user.country" value="US"/>
    <property name="sun.java.launcher" value="SUN_STANDARD"/>
    <property name="sun.os.patch.level" value="Service Pack 1"/>
    <property name="java.vm.specification.name" value="Java Virtual Machine Specification"/>
    <property name="user.dir" value="D:\CucumberSelenium"/>
    <property name="java.runtime.version" value="1.8.0_92-b14"/>
    <property name="java.awt.graphicsenv" value="sun.awt.Win32GraphicsEnvironment"/>
    <property name="java.endorsed.dirs" value="C:\Program Files\Java\jdk1.8.0_92\jre\lib\endorsed"/>
    <property name="os.arch" value="amd64"/>
    <property name="java.io.tmpdir" value="C:\Users\NAVEEN~1.SIN\AppData\Local\Temp\"/>
    <property name="line.separator" value="
"/>
    <property name="java.vm.specification.vendor" value="Oracle Corporation"/>
    <property name="user.variant" value=""/>
    <property name="os.name" value="Windows 7"/>
    <property name="classworlds.conf" value="D:\MAVEN\apache-maven-3.3.9-bin\apache-maven-3.3.9\bin\m2.conf"/>
    <property name="sun.jnu.encoding" value="Cp1252"/>
    <property name="java.library.path" value="C:\Program Files\Java\jdk1.8.0_92\bin;C:\Windows\Sun\Java\bin;C:\Windows\system32;C:\Windows;C:\Program Files\Java\jdk1.8.0_92/bin;C:\Program Files\Java\jdk1.8.0_92/bin;C:\ProgramData\Oracle\Java\javapath;C:\Program Files (x86)\RSA SecurID Token Common;C:\Program Files\Common Files\Microsoft Shared\Windows Live;C:\Program Files (x86)\Common Files\Microsoft Shared\Windows Live;C:\Program Files (x86)\Intel\iCLS Client\;C:\Program Files\Intel\iCLS Client\;C:\Windows\system32;C:\Windows;C:\Windows\System32\Wbem;C:\Windows\System32\WindowsPowerShell\v1.0\;C:\Program Files (x86)\Intel\OpenCL SDK\2.0\bin\x86;C:\Program Files (x86)\Intel\OpenCL SDK\2.0\bin\x64;C:\Program Files\Intel\Intel(R) Management Engine Components\DAL;C:\Program Files\Intel\Intel(R) Management Engine Components\IPT;C:\Program Files (x86)\Intel\Intel(R) Management Engine Components\DAL;C:\Program Files (x86)\Intel\Intel(R) Management Engine Components\IPT;C:\Program Files\Common Files\Lenovo;C:\Program Files (x86)\Windows Live\Shared;C:\Program Files (x86)\Symantec\VIP Access Client\;C:\SWTOOLS\ReadyApps;C:\Program Files (x86)\Common Files\Lenovo;C:\Python34;C:\Python34\Scripts;C:\Program Files\nodejs\;C:\Program Files\New folder\firefox.exe;C:\Program Files (x86)\Skype\Phone\;C:\Program Files (x86)\TechyGeeksHome.co.uk\PuTTy Package\PLINK.EXE;D:\MAVEN\apache-maven-3.3.9-bin\apache-maven-3.3.9\bin;C:\Program Files\Java\jdk1.8.0_92\bin;C:\Users\Naveen.Singh\AppData\Local\Programs\Git\cmd;C:\Users\Naveen.Singh\AppData\Local\Programs\Git\mingw64\bin;C:\Users\Naveen.Singh\AppData\Local\Programs\Git\usr\bin;C:\Users\Naveen.Singh\firefox.exe;C:\Users\Naveen.Singh\AppData\Roaming\npm;C:\Program Files\nodejs\node_modules\npm\bin;D:\MAVEN\jasmine-npm-master\jasmine-npm-master\bin;C:\Program Files\New folder\firefox.exe;D:\BrowseDriver;D:\apache-ant-1.9.7\bin;C:\Program Files (x86)\TechyGeeksHome.co.uk\PuTTy Package\PLINK.EXE;C:\Program Files\Java\jdk1.8.0_92\jre\bin;;."/>
    <property name="java.specification.name" value="Java Platform API Specification"/>
    <property name="java.class.version" value="52.0"/>
    <property name="sun.management.compiler" value="HotSpot 64-Bit Tiered Compilers"/>
    <property name="os.version" value="6.1"/>
    <property name="user.home" value="C:\Users\Naveen.Singh"/>
    <property name="user.timezone" value="Asia/Calcutta"/>
    <property name="java.awt.printerjob" value="sun.awt.windows.WPrinterJob"/>
    <property name="java.specification.version" value="1.8"/>
    <property name="file.encoding" value="Cp1252"/>
    <property name="user.name" value="Naveen.Singh"/>
    <property name="java.class.path" value="D:\MAVEN\apache-maven-3.3.9-bin\apache-maven-3.3.9\boot\plexus-classworlds-2.5.2.jar"/>
    <property name="java.vm.specification.version" value="1.8"/>
    <property name="sun.arch.data.model" value="64"/>
    <property name="java.home" value="C:\Program Files\Java\jdk1.8.0_92\jre"/>
    <property name="sun.java.command" value="org.codehaus.plexus.classworlds.launcher.Launcher clean test -Dcucumber.options=--tags @DEMO"/>
    <property name="java.specification.vendor" value="Oracle Corporation"/>
    <property name="user.language" value="en"/>
    <property name="awt.toolkit" value="sun.awt.windows.WToolkit"/>
    <property name="java.vm.info" value="mixed mode"/>
    <property name="java.version" value="1.8.0_92"/>
    <property name="java.ext.dirs" value="C:\Program Files\Java\jdk1.8.0_92\jre\lib\ext;C:\Windows\Sun\Java\lib\ext"/>
    <property name="sun.boot.class.path" value="C:\Program Files\Java\jdk1.8.0_92\jre\lib\resources.jar;C:\Program Files\Java\jdk1.8.0_92\jre\lib\rt.jar;C:\Program Files\Java\jdk1.8.0_92\jre\lib\sunrsasign.jar;C:\Program Files\Java\jdk1.8.0_92\jre\lib\jsse.jar;C:\Program Files\Java\jdk1.8.0_92\jre\lib\jce.jar;C:\Program Files\Java\jdk1.8.0_92\jre\lib\charsets.jar;C:\Program Files\Java\jdk1.8.0_92\jre\lib\jfr.jar;C:\Program Files\Java\jdk1.8.0_92\jre\classes"/>
    <property name="java.vendor" value="Oracle Corporation"/>
    <property name="maven.home" value="D:\MAVEN\apache-maven-3.3.9-bin\apache-maven-3.3.9"/>
    <property name="file.separator" value="\"/>
    <property name="java.vendor.url.bug" value="http://bugreport.sun.com/bugreport/"/>
    <property name="sun.cpu.endian" value="little"/>
    <property name="sun.io.unicode.encoding" value="UnicodeLittle"/>
    <property name="sun.desktop" value="windows"/>
    <property name="sun.cpu.isalist" value="amd64"/>
  </properties>
  <testcase classname="| cucumber | https://en.wikipedia.org/wiki/Cucumber |" name="Given go to google webpage" time="0.013"/>
  <testcase classname="| cucumber | https://en.wikipedia.org/wiki/Cucumber |" name="Then search for the keyword &quot;cucumber&quot;" time="0.001"/>
  <testcase classname="| cucumber | https://en.wikipedia.org/wiki/Cucumber |" name="Then click on the &quot;https://en.wikipedia.org/wiki/Cucumber&quot;" time="0.017">
    <error message="The given selector .//a[@href=&apos;&apos;https://en.wikipedia.org/wiki/Cucumber] is either invalid or does not result in a WebElement. The following error occurred:
InvalidSelectorError: Unable to locate an element with the xpath expression .//a[@href=&apos;&apos;https://en.wikipedia.org/wiki/Cucumber] because of the following error:
[Exception... &quot;The expression is not a legal expression.&quot;  code: &quot;12&quot; nsresult: &quot;0x805b0033 (SyntaxError)&quot;  location: &quot;&lt;unknown&gt;&quot;]
Command duration or timeout: 19 milliseconds
For documentation on this error, please visit: http://seleniumhq.org/exceptions/invalid_selector_exception.html
Build info: version: &apos;2.41.0&apos;, revision: &apos;3192d8a6c4449dc285928ba024779344f5423c58&apos;, time: &apos;2014-03-27 11:29:39&apos;
System info: host: &apos;IGTSGGN1ITS2076&apos;, ip: &apos;172.32.19.26&apos;, os.name: &apos;Windows 7&apos;, os.arch: &apos;amd64&apos;, os.version: &apos;6.1&apos;, java.version: &apos;1.8.0_92&apos;
Driver info: org.openqa.selenium.firefox.FirefoxDriver
Capabilities [{applicationCacheEnabled=true, rotatable=false, handlesAlerts=true, databaseEnabled=true, version=29.0, platform=XP, browserConnectionEnabled=true, nativeEvents=false, acceptSslCerts=true, webStorageEnabled=true, locationContextEnabled=true, browserName=firefox, takesScreenshot=true, javascriptEnabled=true, cssSelectorsEnabled=true}]
Session ID: d6d6de28-cc6b-401d-ad97-11c1bbc8fcc7" type="org.openqa.selenium.InvalidSelectorException">org.openqa.selenium.InvalidSelectorException: The given selector .//a[@href=&apos;&apos;https://en.wikipedia.org/wiki/Cucumber] is either invalid or does not result in a WebElement. The following error occurred:
InvalidSelectorError: Unable to locate an element with the xpath expression .//a[@href=&apos;&apos;https://en.wikipedia.org/wiki/Cucumber] because of the following error:
[Exception... &quot;The expression is not a legal expression.&quot;  code: &quot;12&quot; nsresult: &quot;0x805b0033 (SyntaxError)&quot;  location: &quot;&lt;unknown&gt;&quot;]
Command duration or timeout: 19 milliseconds
For documentation on this error, please visit: http://seleniumhq.org/exceptions/invalid_selector_exception.html
Build info: version: &apos;2.41.0&apos;, revision: &apos;3192d8a6c4449dc285928ba024779344f5423c58&apos;, time: &apos;2014-03-27 11:29:39&apos;
System info: host: &apos;IGTSGGN1ITS2076&apos;, ip: &apos;172.32.19.26&apos;, os.name: &apos;Windows 7&apos;, os.arch: &apos;amd64&apos;, os.version: &apos;6.1&apos;, java.version: &apos;1.8.0_92&apos;
Driver info: org.openqa.selenium.firefox.FirefoxDriver
Capabilities [{applicationCacheEnabled=true, rotatable=false, handlesAlerts=true, databaseEnabled=true, version=29.0, platform=XP, browserConnectionEnabled=true, nativeEvents=false, acceptSslCerts=true, webStorageEnabled=true, locationContextEnabled=true, browserName=firefox, takesScreenshot=true, javascriptEnabled=true, cssSelectorsEnabled=true}]
Session ID: d6d6de28-cc6b-401d-ad97-11c1bbc8fcc7
	at sun.reflect.NativeConstructorAccessorImpl.newInstance0(Native Method)
	at sun.reflect.NativeConstructorAccessorImpl.newInstance(NativeConstructorAccessorImpl.java:62)
	at sun.reflect.DelegatingConstructorAccessorImpl.newInstance(DelegatingConstructorAccessorImpl.java:45)
	at java.lang.reflect.Constructor.newInstance(Constructor.java:423)
	at org.openqa.selenium.remote.ErrorHandler.createThrowable(ErrorHandler.java:193)
	at org.openqa.selenium.remote.ErrorHandler.throwIfResponseFailed(ErrorHandler.java:145)
	at org.openqa.selenium.remote.RemoteWebDriver.execute(RemoteWebDriver.java:595)
	at org.openqa.selenium.remote.RemoteWebDriver.findElement(RemoteWebDriver.java:348)
	at org.openqa.selenium.remote.RemoteWebDriver.findElementByXPath(RemoteWebDriver.java:445)
	at org.openqa.selenium.By$ByXPath.findElement(By.java:357)
	at org.openqa.selenium.remote.RemoteWebDriver.findElement(RemoteWebDriver.java:340)
	at steps.DemoforCucumebr.clickOnThe(DemoforCucumebr.java:40)
	at ✽.Then click on the &quot;https://en.wikipedia.org/wiki/Cucumber&quot;(cucumberDemo.feature:7)
Caused by: org.openqa.selenium.remote.ErrorHandler$UnknownServerException: The given selector .//a[@href=&apos;&apos;https://en.wikipedia.org/wiki/Cucumber] is either invalid or does not result in a WebElement. The following error occurred:
InvalidSelectorError: Unable to locate an element with the xpath expression .//a[@href=&apos;&apos;https://en.wikipedia.org/wiki/Cucumber] because of the following error:
[Exception... &quot;The expression is not a legal expression.&quot;  code: &quot;12&quot; nsresult: &quot;0x805b0033 (SyntaxError)&quot;  location: &quot;&lt;unknown&gt;&quot;]
Build info: version: &apos;2.41.0&apos;, revision: &apos;3192d8a6c4449dc285928ba024779344f5423c58&apos;, time: &apos;2014-03-27 11:29:39&apos;
System info: host: &apos;IGTSGGN1ITS2076&apos;, ip: &apos;172.32.19.26&apos;, os.name: &apos;Windows 7&apos;, os.arch: &apos;amd64&apos;, os.version: &apos;6.1&apos;, java.version: &apos;1.8.0_92&apos;
Driver info: driver.version: unknown
	at &lt;anonymous class&gt;.FirefoxDriver.annotateInvalidSelectorError_(file:///C:/Users/NAVEEN~1.SIN/AppData/Local/Temp/anonymous8638695762448091323webdriver-profile/extensions/fxdriver@googlecode.com/components/driver_component.js:8879)
	at &lt;anonymous class&gt;.FirefoxDriver.prototype.findElementInternal_(file:///C:/Users/NAVEEN~1.SIN/AppData/Local/Temp/anonymous8638695762448091323webdriver-profile/extensions/fxdriver@googlecode.com/components/driver_component.js:8910)
	at &lt;anonymous class&gt;.FirefoxDriver.prototype.findElement(file:///C:/Users/NAVEEN~1.SIN/AppData/Local/Temp/anonymous8638695762448091323webdriver-profile/extensions/fxdriver@googlecode.com/components/driver_component.js:8914)
	at &lt;anonymous class&gt;.DelayedCommand.prototype.executeInternal_/h(file:///C:/Users/NAVEEN~1.SIN/AppData/Local/Temp/anonymous8638695762448091323webdriver-profile/extensions/fxdriver@googlecode.com/components/command_processor.js:10884)
	at &lt;anonymous class&gt;.DelayedCommand.prototype.executeInternal_(file:///C:/Users/NAVEEN~1.SIN/AppData/Local/Temp/anonymous8638695762448091323webdriver-profile/extensions/fxdriver@googlecode.com/components/command_processor.js:10889)
	at &lt;anonymous class&gt;.DelayedCommand.prototype.execute/&lt;(file:///C:/Users/NAVEEN~1.SIN/AppData/Local/Temp/anonymous8638695762448091323webdriver-profile/extensions/fxdriver@googlecode.com/components/command_processor.js:10831)
</error>
  </testcase>
  <testcase classname="| cucumber | https://en.wikipedia.org/wiki/Cucumber |" name="| cucumber | https://en.wikipedia.org/wiki/Cucumber |" time="0.018">
    <error message="The given selector .//a[@href=&apos;&apos;https://en.wikipedia.org/wiki/Cucumber] is either invalid or does not result in a WebElement. The following error occurred:
InvalidSelectorError: Unable to locate an element with the xpath expression .//a[@href=&apos;&apos;https://en.wikipedia.org/wiki/Cucumber] because of the following error:
[Exception... &quot;The expression is not a legal expression.&quot;  code: &quot;12&quot; nsresult: &quot;0x805b0033 (SyntaxError)&quot;  location: &quot;&lt;unknown&gt;&quot;]
Command duration or timeout: 19 milliseconds
For documentation on this error, please visit: http://seleniumhq.org/exceptions/invalid_selector_exception.html
Build info: version: &apos;2.41.0&apos;, revision: &apos;3192d8a6c4449dc285928ba024779344f5423c58&apos;, time: &apos;2014-03-27 11:29:39&apos;
System info: host: &apos;IGTSGGN1ITS2076&apos;, ip: &apos;172.32.19.26&apos;, os.name: &apos;Windows 7&apos;, os.arch: &apos;amd64&apos;, os.version: &apos;6.1&apos;, java.version: &apos;1.8.0_92&apos;
Driver info: org.openqa.selenium.firefox.FirefoxDriver
Capabilities [{applicationCacheEnabled=true, rotatable=false, handlesAlerts=true, databaseEnabled=true, version=29.0, platform=XP, browserConnectionEnabled=true, nativeEvents=false, acceptSslCerts=true, webStorageEnabled=true, locationContextEnabled=true, browserName=firefox, takesScreenshot=true, javascriptEnabled=true, cssSelectorsEnabled=true}]
Session ID: d6d6de28-cc6b-401d-ad97-11c1bbc8fcc7" type="org.openqa.selenium.InvalidSelectorException">org.openqa.selenium.InvalidSelectorException: The given selector .//a[@href=&apos;&apos;https://en.wikipedia.org/wiki/Cucumber] is either invalid or does not result in a WebElement. The following error occurred:
InvalidSelectorError: Unable to locate an element with the xpath expression .//a[@href=&apos;&apos;https://en.wikipedia.org/wiki/Cucumber] because of the following error:
[Exception... &quot;The expression is not a legal expression.&quot;  code: &quot;12&quot; nsresult: &quot;0x805b0033 (SyntaxError)&quot;  location: &quot;&lt;unknown&gt;&quot;]
Command duration or timeout: 19 milliseconds
For documentation on this error, please visit: http://seleniumhq.org/exceptions/invalid_selector_exception.html
Build info: version: &apos;2.41.0&apos;, revision: &apos;3192d8a6c4449dc285928ba024779344f5423c58&apos;, time: &apos;2014-03-27 11:29:39&apos;
System info: host: &apos;IGTSGGN1ITS2076&apos;, ip: &apos;172.32.19.26&apos;, os.name: &apos;Windows 7&apos;, os.arch: &apos;amd64&apos;, os.version: &apos;6.1&apos;, java.version: &apos;1.8.0_92&apos;
Driver info: org.openqa.selenium.firefox.FirefoxDriver
Capabilities [{applicationCacheEnabled=true, rotatable=false, handlesAlerts=true, databaseEnabled=true, version=29.0, platform=XP, browserConnectionEnabled=true, nativeEvents=false, acceptSslCerts=true, webStorageEnabled=true, locationContextEnabled=true, browserName=firefox, takesScreenshot=true, javascriptEnabled=true, cssSelectorsEnabled=true}]
Session ID: d6d6de28-cc6b-401d-ad97-11c1bbc8fcc7
	at sun.reflect.NativeConstructorAccessorImpl.newInstance0(Native Method)
	at sun.reflect.NativeConstructorAccessorImpl.newInstance(NativeConstructorAccessorImpl.java:62)
	at sun.reflect.DelegatingConstructorAccessorImpl.newInstance(DelegatingConstructorAccessorImpl.java:45)
	at java.lang.reflect.Constructor.newInstance(Constructor.java:423)
	at org.openqa.selenium.remote.ErrorHandler.createThrowable(ErrorHandler.java:193)
	at org.openqa.selenium.remote.ErrorHandler.throwIfResponseFailed(ErrorHandler.java:145)
	at org.openqa.selenium.remote.RemoteWebDriver.execute(RemoteWebDriver.java:595)
	at org.openqa.selenium.remote.RemoteWebDriver.findElement(RemoteWebDriver.java:348)
	at org.openqa.selenium.remote.RemoteWebDriver.findElementByXPath(RemoteWebDriver.java:445)
	at org.openqa.selenium.By$ByXPath.findElement(By.java:357)
	at org.openqa.selenium.remote.RemoteWebDriver.findElement(RemoteWebDriver.java:340)
	at steps.DemoforCucumebr.clickOnThe(DemoforCucumebr.java:40)
	at ✽.Then click on the &quot;https://en.wikipedia.org/wiki/Cucumber&quot;(cucumberDemo.feature:7)
Caused by: org.openqa.selenium.remote.ErrorHandler$UnknownServerException: The given selector .//a[@href=&apos;&apos;https://en.wikipedia.org/wiki/Cucumber] is either invalid or does not result in a WebElement. The following error occurred:
InvalidSelectorError: Unable to locate an element with the xpath expression .//a[@href=&apos;&apos;https://en.wikipedia.org/wiki/Cucumber] because of the following error:
[Exception... &quot;The expression is not a legal expression.&quot;  code: &quot;12&quot; nsresult: &quot;0x805b0033 (SyntaxError)&quot;  location: &quot;&lt;unknown&gt;&quot;]
Build info: version: &apos;2.41.0&apos;, revision: &apos;3192d8a6c4449dc285928ba024779344f5423c58&apos;, time: &apos;2014-03-27 11:29:39&apos;
System info: host: &apos;IGTSGGN1ITS2076&apos;, ip: &apos;172.32.19.26&apos;, os.name: &apos;Windows 7&apos;, os.arch: &apos;amd64&apos;, os.version: &apos;6.1&apos;, java.version: &apos;1.8.0_92&apos;
Driver info: driver.version: unknown
	at &lt;anonymous class&gt;.FirefoxDriver.annotateInvalidSelectorError_(file:///C:/Users/NAVEEN~1.SIN/AppData/Local/Temp/anonymous8638695762448091323webdriver-profile/extensions/fxdriver@googlecode.com/components/driver_component.js:8879)
	at &lt;anonymous class&gt;.FirefoxDriver.prototype.findElementInternal_(file:///C:/Users/NAVEEN~1.SIN/AppData/Local/Temp/anonymous8638695762448091323webdriver-profile/extensions/fxdriver@googlecode.com/components/driver_component.js:8910)
	at &lt;anonymous class&gt;.FirefoxDriver.prototype.findElement(file:///C:/Users/NAVEEN~1.SIN/AppData/Local/Temp/anonymous8638695762448091323webdriver-profile/extensions/fxdriver@googlecode.com/components/driver_component.js:8914)
	at &lt;anonymous class&gt;.DelayedCommand.prototype.executeInternal_/h(file:///C:/Users/NAVEEN~1.SIN/AppData/Local/Temp/anonymous8638695762448091323webdriver-profile/extensions/fxdriver@googlecode.com/components/command_processor.js:10884)
	at &lt;anonymous class&gt;.DelayedCommand.prototype.executeInternal_(file:///C:/Users/NAVEEN~1.SIN/AppData/Local/Temp/anonymous8638695762448091323webdriver-profile/extensions/fxdriver@googlecode.com/components/command_processor.js:10889)
	at &lt;anonymous class&gt;.DelayedCommand.prototype.execute/&lt;(file:///C:/Users/NAVEEN~1.SIN/AppData/Local/Temp/anonymous8638695762448091323webdriver-profile/extensions/fxdriver@googlecode.com/components/command_processor.js:10831)
</error>
  </testcase>
  <testcase classname="Given go to google webpage(| selenium | https://www.google.co.in/url?sa=t&amp;rct=j&amp;q=&amp;esrc=s&amp;source=web&amp;cd=4&amp;cad=rja&amp;uact=8&amp;ved=0ahUKEwix_Ymr8PfXAhWBeCYKHT0wAaQQFghBMAM&amp;url=https%3A%2F%2Fen.wikipedia.org%2Fwiki%2FSelenium_(software)&amp;usg=AOvVaw1yXYA0TfNZVvBYIIiTpKL3 |)" name="Given go to google webpage(| selenium | https://www.google.co.in/url?sa=t&amp;rct=j&amp;q=&amp;esrc=s&amp;source=web&amp;cd=4&amp;cad=rja&amp;uact=8&amp;ved=0ahUKEwix_Ymr8PfXAhWBeCYKHT0wAaQQFghBMAM&amp;url=https%3A%2F%2Fen.wikipedia.org%2Fwiki%2FSelenium_" time="0"/>
  <testcase classname="Then search for the keyword &quot;selenium&quot;(| selenium | https://www.google.co.in/url?sa=t&amp;rct=j&amp;q=&amp;esrc=s&amp;source=web&amp;cd=4&amp;cad=rja&amp;uact=8&amp;ved=0ahUKEwix_Ymr8PfXAhWBeCYKHT0wAaQQFghBMAM&amp;url=https%3A%2F%2Fen.wikipedia.org%2Fwiki%2FSelenium_(software)&amp;usg=AOvVaw1yXYA0TfNZVvBYIIiTpKL3 |)" name="Then search for the keyword &quot;selenium&quot;(| selenium | https://www.google.co.in/url?sa=t&amp;rct=j&amp;q=&amp;esrc=s&amp;source=web&amp;cd=4&amp;cad=rja&amp;uact=8&amp;ved=0ahUKEwix_Ymr8PfXAhWBeCYKHT0wAaQQFghBMAM&amp;url=https%3A%2F%2Fen.wikipedia.org%2Fwiki%2FSelenium_" time="0"/>
  <testcase classname="Then click on the &quot;https://www.google.co.in/url?sa=t&amp;rct=j&amp;q=&amp;esrc=s&amp;source=web&amp;cd=4&amp;cad=rja&amp;uact=8&amp;ved=0ahUKEwix_Ymr8PfXAhWBeCYKHT0wAaQQFghBMAM&amp;url=https%3A%2F%2Fen.wikipedia.org%2Fwiki%2FSelenium_(software)&amp;usg=AOvVaw1yXYA0TfNZVvBYIIiTpKL3&quot;(| selenium | https://www.google.co.in/url?sa=t&amp;rct=j&amp;q=&amp;esrc=s&amp;source=web&amp;cd=4&amp;cad=rja&amp;uact=8&amp;ved=0ahUKEwix_Ymr8PfXAhWBeCYKHT0wAaQQFghBMAM&amp;url=https%3A%2F%2Fen.wikipedia.org%2Fwiki%2FSelenium_(software)&amp;usg=AOvVaw1yXYA0TfNZVvBYIIiTpKL3 |)" name="Then click on the &quot;https://www.google.co.in/url?sa=t&amp;rct=j&amp;q=&amp;esrc=s&amp;source=web&amp;cd=4&amp;cad=rja&amp;uact=8&amp;ved=0ahUKEwix_Ymr8PfXAhWBeCYKHT0wAaQQFghBMAM&amp;url=https%3A%2F%2Fen.wikipedia.org%2Fwiki%2FSelenium_(software)&amp;usg=AOvVaw1yXYA0TfNZVvBYIIiTpKL3&quot;(| selenium | https://www.google.co.in/url?sa=t&amp;rct=j&amp;q=&amp;esrc=s&amp;source=web&amp;cd=4&amp;cad=rja&amp;uact=8&amp;ved=0ahUKEwix_Ymr8PfXAhWBeCYKHT0wAaQQFghBMAM&amp;url=https%3A%2F%2Fen.wikipedia.org%2Fwiki%2FSelenium_" time="0.001">
    <error message="The given selector .//a[@href=&apos;&apos;https://www.google.co.in/url?sa=t&amp;rct=j&amp;q=&amp;esrc=s&amp;source=web&amp;cd=4&amp;cad=rja&amp;uact=8&amp;ved=0ahUKEwix_Ymr8PfXAhWBeCYKHT0wAaQQFghBMAM&amp;url=https%3A%2F%2Fen.wikipedia.org%2Fwiki%2FSelenium_(software)&amp;usg=AOvVaw1yXYA0TfNZVvBYIIiTpKL3] is either invalid or does not result in a WebElement. The following error occurred:
InvalidSelectorError: Unable to locate an element with the xpath expression .//a[@href=&apos;&apos;https://www.google.co.in/url?sa=t&amp;rct=j&amp;q=&amp;esrc=s&amp;source=web&amp;cd=4&amp;cad=rja&amp;uact=8&amp;ved=0ahUKEwix_Ymr8PfXAhWBeCYKHT0wAaQQFghBMAM&amp;url=https%3A%2F%2Fen.wikipedia.org%2Fwiki%2FSelenium_(software)&amp;usg=AOvVaw1yXYA0TfNZVvBYIIiTpKL3] because of the following error:
[Exception... &quot;The expression is not a legal expression.&quot;  code: &quot;12&quot; nsresult: &quot;0x805b0033 (SyntaxError)&quot;  location: &quot;&lt;unknown&gt;&quot;]
Command duration or timeout: 618 milliseconds
For documentation on this error, please visit: http://seleniumhq.org/exceptions/invalid_selector_exception.html
Build info: version: &apos;2.41.0&apos;, revision: &apos;3192d8a6c4449dc285928ba024779344f5423c58&apos;, time: &apos;2014-03-27 11:29:39&apos;
System info: host: &apos;IGTSGGN1ITS2076&apos;, ip: &apos;172.32.19.26&apos;, os.name: &apos;Windows 7&apos;, os.arch: &apos;amd64&apos;, os.version: &apos;6.1&apos;, java.version: &apos;1.8.0_92&apos;
Driver info: org.openqa.selenium.firefox.FirefoxDriver
Capabilities [{applicationCacheEnabled=true, rotatable=false, handlesAlerts=true, databaseEnabled=true, version=29.0, platform=XP, browserConnectionEnabled=true, nativeEvents=false, acceptSslCerts=true, webStorageEnabled=true, locationContextEnabled=true, browserName=firefox, takesScreenshot=true, javascriptEnabled=true, cssSelectorsEnabled=true}]
Session ID: d6d6de28-cc6b-401d-ad97-11c1bbc8fcc7" type="org.openqa.selenium.InvalidSelectorException">org.openqa.selenium.InvalidSelectorException: The given selector .//a[@href=&apos;&apos;https://www.google.co.in/url?sa=t&amp;rct=j&amp;q=&amp;esrc=s&amp;source=web&amp;cd=4&amp;cad=rja&amp;uact=8&amp;ved=0ahUKEwix_Ymr8PfXAhWBeCYKHT0wAaQQFghBMAM&amp;url=https%3A%2F%2Fen.wikipedia.org%2Fwiki%2FSelenium_(software)&amp;usg=AOvVaw1yXYA0TfNZVvBYIIiTpKL3] is either invalid or does not result in a WebElement. The following error occurred:
InvalidSelectorError: Unable to locate an element with the xpath expression .//a[@href=&apos;&apos;https://www.google.co.in/url?sa=t&amp;rct=j&amp;q=&amp;esrc=s&amp;source=web&amp;cd=4&amp;cad=rja&amp;uact=8&amp;ved=0ahUKEwix_Ymr8PfXAhWBeCYKHT0wAaQQFghBMAM&amp;url=https%3A%2F%2Fen.wikipedia.org%2Fwiki%2FSelenium_(software)&amp;usg=AOvVaw1yXYA0TfNZVvBYIIiTpKL3] because of the following error:
[Exception... &quot;The expression is not a legal expression.&quot;  code: &quot;12&quot; nsresult: &quot;0x805b0033 (SyntaxError)&quot;  location: &quot;&lt;unknown&gt;&quot;]
Command duration or timeout: 618 milliseconds
For documentation on this error, please visit: http://seleniumhq.org/exceptions/invalid_selector_exception.html
Build info: version: &apos;2.41.0&apos;, revision: &apos;3192d8a6c4449dc285928ba024779344f5423c58&apos;, time: &apos;2014-03-27 11:29:39&apos;
System info: host: &apos;IGTSGGN1ITS2076&apos;, ip: &apos;172.32.19.26&apos;, os.name: &apos;Windows 7&apos;, os.arch: &apos;amd64&apos;, os.version: &apos;6.1&apos;, java.version: &apos;1.8.0_92&apos;
Driver info: org.openqa.selenium.firefox.FirefoxDriver
Capabilities [{applicationCacheEnabled=true, rotatable=false, handlesAlerts=true, databaseEnabled=true, version=29.0, platform=XP, browserConnectionEnabled=true, nativeEvents=false, acceptSslCerts=true, webStorageEnabled=true, locationContextEnabled=true, browserName=firefox, takesScreenshot=true, javascriptEnabled=true, cssSelectorsEnabled=true}]
Session ID: d6d6de28-cc6b-401d-ad97-11c1bbc8fcc7
	at sun.reflect.NativeConstructorAccessorImpl.newInstance0(Native Method)
	at sun.reflect.NativeConstructorAccessorImpl.newInstance(NativeConstructorAccessorImpl.java:62)
	at sun.reflect.DelegatingConstructorAccessorImpl.newInstance(DelegatingConstructorAccessorImpl.java:45)
	at java.lang.reflect.Constructor.newInstance(Constructor.java:423)
	at org.openqa.selenium.remote.ErrorHandler.createThrowable(ErrorHandler.java:193)
	at org.openqa.selenium.remote.ErrorHandler.throwIfResponseFailed(ErrorHandler.java:145)
	at org.openqa.selenium.remote.RemoteWebDriver.execute(RemoteWebDriver.java:595)
	at org.openqa.selenium.remote.RemoteWebDriver.findElement(RemoteWebDriver.java:348)
	at org.openqa.selenium.remote.RemoteWebDriver.findElementByXPath(RemoteWebDriver.java:445)
	at org.openqa.selenium.By$ByXPath.findElement(By.java:357)
	at org.openqa.selenium.remote.RemoteWebDriver.findElement(RemoteWebDriver.java:340)
	at steps.DemoforCucumebr.clickOnThe(DemoforCucumebr.java:40)
	at ✽.Then click on the &quot;https://www.google.co.in/url?sa=t&amp;rct=j&amp;q=&amp;esrc=s&amp;source=web&amp;cd=4&amp;cad=rja&amp;uact=8&amp;ved=0ahUKEwix_Ymr8PfXAhWBeCYKHT0wAaQQFghBMAM&amp;url=https%3A%2F%2Fen.wikipedia.org%2Fwiki%2FSelenium_(software)&amp;usg=AOvVaw1yXYA0TfNZVvBYIIiTpKL3&quot;(cucumberDemo.feature:7)
Caused by: org.openqa.selenium.remote.ErrorHandler$UnknownServerException: The given selector .//a[@href=&apos;&apos;https://www.google.co.in/url?sa=t&amp;rct=j&amp;q=&amp;esrc=s&amp;source=web&amp;cd=4&amp;cad=rja&amp;uact=8&amp;ved=0ahUKEwix_Ymr8PfXAhWBeCYKHT0wAaQQFghBMAM&amp;url=https%3A%2F%2Fen.wikipedia.org%2Fwiki%2FSelenium_(software)&amp;usg=AOvVaw1yXYA0TfNZVvBYIIiTpKL3] is either invalid or does not result in a WebElement. The following error occurred:
InvalidSelectorError: Unable to locate an element with the xpath expression .//a[@href=&apos;&apos;https://www.google.co.in/url?sa=t&amp;rct=j&amp;q=&amp;esrc=s&amp;source=web&amp;cd=4&amp;cad=rja&amp;uact=8&amp;ved=0ahUKEwix_Ymr8PfXAhWBeCYKHT0wAaQQFghBMAM&amp;url=https%3A%2F%2Fen.wikipedia.org%2Fwiki%2FSelenium_(software)&amp;usg=AOvVaw1yXYA0TfNZVvBYIIiTpKL3] because of the following error:
[Exception... &quot;The expression is not a legal expression.&quot;  code: &quot;12&quot; nsresult: &quot;0x805b0033 (SyntaxError)&quot;  location: &quot;&lt;unknown&gt;&quot;]
Build info: version: &apos;2.41.0&apos;, revision: &apos;3192d8a6c4449dc285928ba024779344f5423c58&apos;, time: &apos;2014-03-27 11:29:39&apos;
System info: host: &apos;IGTSGGN1ITS2076&apos;, ip: &apos;172.32.19.26&apos;, os.name: &apos;Windows 7&apos;, os.arch: &apos;amd64&apos;, os.version: &apos;6.1&apos;, java.version: &apos;1.8.0_92&apos;
Driver info: driver.version: unknown
	at &lt;anonymous class&gt;.FirefoxDriver.annotateInvalidSelectorError_(file:///C:/Users/NAVEEN~1.SIN/AppData/Local/Temp/anonymous8638695762448091323webdriver-profile/extensions/fxdriver@googlecode.com/components/driver_component.js:8879)
	at &lt;anonymous class&gt;.FirefoxDriver.prototype.findElementInternal_(file:///C:/Users/NAVEEN~1.SIN/AppData/Local/Temp/anonymous8638695762448091323webdriver-profile/extensions/fxdriver@googlecode.com/components/driver_component.js:8910)
	at &lt;anonymous class&gt;.FirefoxDriver.prototype.findElement(file:///C:/Users/NAVEEN~1.SIN/AppData/Local/Temp/anonymous8638695762448091323webdriver-profile/extensions/fxdriver@googlecode.com/components/driver_component.js:8914)
	at &lt;anonymous class&gt;.DelayedCommand.prototype.executeInternal_/h(file:///C:/Users/NAVEEN~1.SIN/AppData/Local/Temp/anonymous8638695762448091323webdriver-profile/extensions/fxdriver@googlecode.com/components/command_processor.js:10884)
	at &lt;anonymous class&gt;.DelayedCommand.prototype.executeInternal_(file:///C:/Users/NAVEEN~1.SIN/AppData/Local/Temp/anonymous8638695762448091323webdriver-profile/extensions/fxdriver@googlecode.com/components/command_processor.js:10889)
	at &lt;anonymous class&gt;.DelayedCommand.prototype.execute/&lt;(file:///C:/Users/NAVEEN~1.SIN/AppData/Local/Temp/anonymous8638695762448091323webdriver-profile/extensions/fxdriver@googlecode.com/components/command_processor.js:10831)
</error>
  </testcase>
  <testcase classname="| selenium | https://www.google.co.in/url?sa=t&amp;rct=j&amp;q=&amp;esrc=s&amp;source=web&amp;cd=4&amp;cad=rja&amp;uact=8&amp;ved=0ahUKEwix_Ymr8PfXAhWBeCYKHT0wAaQQFghBMAM&amp;url=https%3A%2F%2Fen.wikipedia.org%2Fwiki%2FSelenium_(software)&amp;usg=AOvVaw1yXYA0TfNZVvBYIIiTpKL3 |" name="| selenium | https://www.google.co.in/url?sa=t&amp;rct=j&amp;q=&amp;esrc=s&amp;source=web&amp;cd=4&amp;cad=rja&amp;uact=8&amp;ved=0ahUKEwix_Ymr8PfXAhWBeCYKHT0wAaQQFghBMAM&amp;url=https%3A%2F%2Fen.wikipedia.org%2Fwiki%2FSelenium_" time="0.002">
    <error message="The given selector .//a[@href=&apos;&apos;https://www.google.co.in/url?sa=t&amp;rct=j&amp;q=&amp;esrc=s&amp;source=web&amp;cd=4&amp;cad=rja&amp;uact=8&amp;ved=0ahUKEwix_Ymr8PfXAhWBeCYKHT0wAaQQFghBMAM&amp;url=https%3A%2F%2Fen.wikipedia.org%2Fwiki%2FSelenium_(software)&amp;usg=AOvVaw1yXYA0TfNZVvBYIIiTpKL3] is either invalid or does not result in a WebElement. The following error occurred:
InvalidSelectorError: Unable to locate an element with the xpath expression .//a[@href=&apos;&apos;https://www.google.co.in/url?sa=t&amp;rct=j&amp;q=&amp;esrc=s&amp;source=web&amp;cd=4&amp;cad=rja&amp;uact=8&amp;ved=0ahUKEwix_Ymr8PfXAhWBeCYKHT0wAaQQFghBMAM&amp;url=https%3A%2F%2Fen.wikipedia.org%2Fwiki%2FSelenium_(software)&amp;usg=AOvVaw1yXYA0TfNZVvBYIIiTpKL3] because of the following error:
[Exception... &quot;The expression is not a legal expression.&quot;  code: &quot;12&quot; nsresult: &quot;0x805b0033 (SyntaxError)&quot;  location: &quot;&lt;unknown&gt;&quot;]
Command duration or timeout: 618 milliseconds
For documentation on this error, please visit: http://seleniumhq.org/exceptions/invalid_selector_exception.html
Build info: version: &apos;2.41.0&apos;, revision: &apos;3192d8a6c4449dc285928ba024779344f5423c58&apos;, time: &apos;2014-03-27 11:29:39&apos;
System info: host: &apos;IGTSGGN1ITS2076&apos;, ip: &apos;172.32.19.26&apos;, os.name: &apos;Windows 7&apos;, os.arch: &apos;amd64&apos;, os.version: &apos;6.1&apos;, java.version: &apos;1.8.0_92&apos;
Driver info: org.openqa.selenium.firefox.FirefoxDriver
Capabilities [{applicationCacheEnabled=true, rotatable=false, handlesAlerts=true, databaseEnabled=true, version=29.0, platform=XP, browserConnectionEnabled=true, nativeEvents=false, acceptSslCerts=true, webStorageEnabled=true, locationContextEnabled=true, browserName=firefox, takesScreenshot=true, javascriptEnabled=true, cssSelectorsEnabled=true}]
Session ID: d6d6de28-cc6b-401d-ad97-11c1bbc8fcc7" type="org.openqa.selenium.InvalidSelectorException">org.openqa.selenium.InvalidSelectorException: The given selector .//a[@href=&apos;&apos;https://www.google.co.in/url?sa=t&amp;rct=j&amp;q=&amp;esrc=s&amp;source=web&amp;cd=4&amp;cad=rja&amp;uact=8&amp;ved=0ahUKEwix_Ymr8PfXAhWBeCYKHT0wAaQQFghBMAM&amp;url=https%3A%2F%2Fen.wikipedia.org%2Fwiki%2FSelenium_(software)&amp;usg=AOvVaw1yXYA0TfNZVvBYIIiTpKL3] is either invalid or does not result in a WebElement. The following error occurred:
InvalidSelectorError: Unable to locate an element with the xpath expression .//a[@href=&apos;&apos;https://www.google.co.in/url?sa=t&amp;rct=j&amp;q=&amp;esrc=s&amp;source=web&amp;cd=4&amp;cad=rja&amp;uact=8&amp;ved=0ahUKEwix_Ymr8PfXAhWBeCYKHT0wAaQQFghBMAM&amp;url=https%3A%2F%2Fen.wikipedia.org%2Fwiki%2FSelenium_(software)&amp;usg=AOvVaw1yXYA0TfNZVvBYIIiTpKL3] because of the following error:
[Exception... &quot;The expression is not a legal expression.&quot;  code: &quot;12&quot; nsresult: &quot;0x805b0033 (SyntaxError)&quot;  location: &quot;&lt;unknown&gt;&quot;]
Command duration or timeout: 618 milliseconds
For documentation on this error, please visit: http://seleniumhq.org/exceptions/invalid_selector_exception.html
Build info: version: &apos;2.41.0&apos;, revision: &apos;3192d8a6c4449dc285928ba024779344f5423c58&apos;, time: &apos;2014-03-27 11:29:39&apos;
System info: host: &apos;IGTSGGN1ITS2076&apos;, ip: &apos;172.32.19.26&apos;, os.name: &apos;Windows 7&apos;, os.arch: &apos;amd64&apos;, os.version: &apos;6.1&apos;, java.version: &apos;1.8.0_92&apos;
Driver info: org.openqa.selenium.firefox.FirefoxDriver
Capabilities [{applicationCacheEnabled=true, rotatable=false, handlesAlerts=true, databaseEnabled=true, version=29.0, platform=XP, browserConnectionEnabled=true, nativeEvents=false, acceptSslCerts=true, webStorageEnabled=true, locationContextEnabled=true, browserName=firefox, takesScreenshot=true, javascriptEnabled=true, cssSelectorsEnabled=true}]
Session ID: d6d6de28-cc6b-401d-ad97-11c1bbc8fcc7
	at sun.reflect.NativeConstructorAccessorImpl.newInstance0(Native Method)
	at sun.reflect.NativeConstructorAccessorImpl.newInstance(NativeConstructorAccessorImpl.java:62)
	at sun.reflect.DelegatingConstructorAccessorImpl.newInstance(DelegatingConstructorAccessorImpl.java:45)
	at java.lang.reflect.Constructor.newInstance(Constructor.java:423)
	at org.openqa.selenium.remote.ErrorHandler.createThrowable(ErrorHandler.java:193)
	at org.openqa.selenium.remote.ErrorHandler.throwIfResponseFailed(ErrorHandler.java:145)
	at org.openqa.selenium.remote.RemoteWebDriver.execute(RemoteWebDriver.java:595)
	at org.openqa.selenium.remote.RemoteWebDriver.findElement(RemoteWebDriver.java:348)
	at org.openqa.selenium.remote.RemoteWebDriver.findElementByXPath(RemoteWebDriver.java:445)
	at org.openqa.selenium.By$ByXPath.findElement(By.java:357)
	at org.openqa.selenium.remote.RemoteWebDriver.findElement(RemoteWebDriver.java:340)
	at steps.DemoforCucumebr.clickOnThe(DemoforCucumebr.java:40)
	at ✽.Then click on the &quot;https://www.google.co.in/url?sa=t&amp;rct=j&amp;q=&amp;esrc=s&amp;source=web&amp;cd=4&amp;cad=rja&amp;uact=8&amp;ved=0ahUKEwix_Ymr8PfXAhWBeCYKHT0wAaQQFghBMAM&amp;url=https%3A%2F%2Fen.wikipedia.org%2Fwiki%2FSelenium_(software)&amp;usg=AOvVaw1yXYA0TfNZVvBYIIiTpKL3&quot;(cucumberDemo.feature:7)
Caused by: org.openqa.selenium.remote.ErrorHandler$UnknownServerException: The given selector .//a[@href=&apos;&apos;https://www.google.co.in/url?sa=t&amp;rct=j&amp;q=&amp;esrc=s&amp;source=web&amp;cd=4&amp;cad=rja&amp;uact=8&amp;ved=0ahUKEwix_Ymr8PfXAhWBeCYKHT0wAaQQFghBMAM&amp;url=https%3A%2F%2Fen.wikipedia.org%2Fwiki%2FSelenium_(software)&amp;usg=AOvVaw1yXYA0TfNZVvBYIIiTpKL3] is either invalid or does not result in a WebElement. The following error occurred:
InvalidSelectorError: Unable to locate an element with the xpath expression .//a[@href=&apos;&apos;https://www.google.co.in/url?sa=t&amp;rct=j&amp;q=&amp;esrc=s&amp;source=web&amp;cd=4&amp;cad=rja&amp;uact=8&amp;ved=0ahUKEwix_Ymr8PfXAhWBeCYKHT0wAaQQFghBMAM&amp;url=https%3A%2F%2Fen.wikipedia.org%2Fwiki%2FSelenium_(software)&amp;usg=AOvVaw1yXYA0TfNZVvBYIIiTpKL3] because of the following error:
[Exception... &quot;The expression is not a legal expression.&quot;  code: &quot;12&quot; nsresult: &quot;0x805b0033 (SyntaxError)&quot;  location: &quot;&lt;unknown&gt;&quot;]
Build info: version: &apos;2.41.0&apos;, revision: &apos;3192d8a6c4449dc285928ba024779344f5423c58&apos;, time: &apos;2014-03-27 11:29:39&apos;
System info: host: &apos;IGTSGGN1ITS2076&apos;, ip: &apos;172.32.19.26&apos;, os.name: &apos;Windows 7&apos;, os.arch: &apos;amd64&apos;, os.version: &apos;6.1&apos;, java.version: &apos;1.8.0_92&apos;
Driver info: driver.version: unknown
	at &lt;anonymous class&gt;.FirefoxDriver.annotateInvalidSelectorError_(file:///C:/Users/NAVEEN~1.SIN/AppData/Local/Temp/anonymous8638695762448091323webdriver-profile/extensions/fxdriver@googlecode.com/components/driver_component.js:8879)
	at &lt;anonymous class&gt;.FirefoxDriver.prototype.findElementInternal_(file:///C:/Users/NAVEEN~1.SIN/AppData/Local/Temp/anonymous8638695762448091323webdriver-profile/extensions/fxdriver@googlecode.com/components/driver_component.js:8910)
	at &lt;anonymous class&gt;.FirefoxDriver.prototype.findElement(file:///C:/Users/NAVEEN~1.SIN/AppData/Local/Temp/anonymous8638695762448091323webdriver-profile/extensions/fxdriver@googlecode.com/components/driver_component.js:8914)
	at &lt;anonymous class&gt;.DelayedCommand.prototype.executeInternal_/h(file:///C:/Users/NAVEEN~1.SIN/AppData/Local/Temp/anonymous8638695762448091323webdriver-profile/extensions/fxdriver@googlecode.com/components/command_processor.js:10884)
	at &lt;anonymous class&gt;.DelayedCommand.prototype.executeInternal_(file:///C:/Users/NAVEEN~1.SIN/AppData/Local/Temp/anonymous8638695762448091323webdriver-profile/extensions/fxdriver@googlecode.com/components/command_processor.js:10889)
	at &lt;anonymous class&gt;.DelayedCommand.prototype.execute/&lt;(file:///C:/Users/NAVEEN~1.SIN/AppData/Local/Temp/anonymous8638695762448091323webdriver-profile/extensions/fxdriver@googlecode.com/components/command_processor.js:10831)
</error>
  </testcase>
</testsuite>